<?xml version="1.0" encoding="UTF-8"?>
<testng-results ignored="0" total="1" passed="1" failed="0" skipped="0">
  <reporter-output>
  </reporter-output>
  <suite started-at="2023-10-03T13:57:26 IST" name="Default suite" finished-at="2023-10-03T13:57:58 IST" duration-ms="31627">
    <groups>
    </groups>
    <test started-at="2023-10-03T13:57:26 IST" name="Default test" finished-at="2023-10-03T13:57:58 IST" duration-ms="31627">
      <class name="test.tasktest">
        <test-method is-config="true" signature="setUp()[pri:0, instance:test.tasktest@55fe41ea]" started-at="2023-10-03T13:57:26 IST" name="setUp" finished-at="2023-10-03T13:57:43 IST" duration-ms="16988" status="PASS">
          <reporter-output>
          </reporter-output>
        </test-method> <!-- setUp -->
        <test-method signature="test()[pri:0, instance:test.tasktest@55fe41ea]" started-at="2023-10-03T13:57:43 IST" name="test" finished-at="2023-10-03T13:57:58 IST" duration-ms="14561" status="PASS">
          <reporter-output>
          </reporter-output>
        </test-method> <!-- test -->
      </class> <!-- test.tasktest -->
    </test> <!-- Default test -->
  </suite> <!-- Default suite -->
</testng-results>
